# ELBREAD: Elaboration process.
# ELBREAD: Elaboration time 0.0 [s].
# ELBREAD: Elaboration process.
# ELBREAD: Elaboration time 0.0 [s].
# ELBREAD: Elaboration process.
# ELBREAD: Elaboration time 0.0 [s].
asim -O5 +access +r +m+testbench_for_dp testbench_for_dp
# ELBREAD: Elaboration process.
# ELBREAD: Elaboration time 0.0 [s].
# VSIM: Stack memory: 32MB
# VSIM: Retval memory: 32MB
# 
# KERNEL: Main thread initiated.
# KERNEL: Kernel process initialization phase.
# KERNEL: Time resolution set to 1ps.
# ELAB2: Elaboration final pass...
# ELAB2: Create instances ...
# ELAB2: Create instances complete.
# SLP: Started
# SLP: Elaboration phase ...
# SLP: Elaboration phase ... skipped, nothing to simulate in SLP mode : 0.0 [s]
# SLP: Finished : 0.0 [s]
# ELAB2: Elaboration final pass complete - time: 0.1 [s].
# KERNEL: Warning: You are using the Active-HDL Student Edition. The performance of simulation is running at a reduced rate.
# KERNEL: Warning: Contact Aldec for available upgrade options - sales@aldec.com.
# KERNEL: Kernel process initialization done.
# Allocation: Simulator allocated 6234 kB (elbread=1280 elab2=4807 kernel=146 sdf=0)
# KERNEL: ASDB file was created in location c:\Users\Michel\Documents\GitHub\ProcUnit\processor_unit\src\wave.asdb
#  16:12, mardi 11 juin 2019
#  Simulation has been initialized
# 19 signal(s) traced.
# Waveform file 'untitled.awc' connected to 'c:/Users/Michel/Documents/GitHub/ProcUnit/processor_unit/src/wave.asdb'.
run @1us
# KERNEL: WARNING: NUMERIC_STD."=": metavalue detected, returning FALSE
# KERNEL: Time: 0 ps,  Iteration: 0,  Instance: /DP_TB/uut,  Process: line__91.
# KERNEL: WARNING: There is an 'U'|'X'|'W'|'Z'|'-' in an arithmetic operand, the result will be 'X'(es).
# KERNEL: Time: 0 ps,  Iteration: 0,  Instance: /DP_TB/uut,  Process: line__95.
# KERNEL: stopped at time: 1 us
